[2020-08-19 17:57:54] production.ERROR: There are no commands defined in the "routes" namespace.

Did you mean this?
    route {"exception":"[object] (Symfony\\Component\\Console\\Exception\\NamespaceNotFoundException(code: 0): There are no commands defined in the \"routes\" namespace.

Did you mean this?
    route at /home/usuario/Documentos/Estimacion/Back&Front/attoistmo/EstimadorRest/vendor/symfony/console/Application.php:574)
[stacktrace]
#0 /home/usuario/Documentos/Estimacion/Back&Front/attoistmo/EstimadorRest/vendor/symfony/console/Application.php(625): Symfony\\Component\\Console\\Application->findNamespace()
#1 /home/usuario/Documentos/Estimacion/Back&Front/attoistmo/EstimadorRest/vendor/symfony/console/Application.php(228): Symfony\\Component\\Console\\Application->find()
#2 /home/usuario/Documentos/Estimacion/Back&Front/attoistmo/EstimadorRest/vendor/symfony/console/Application.php(140): Symfony\\Component\\Console\\Application->doRun()
#3 /home/usuario/Documentos/Estimacion/Back&Front/attoistmo/EstimadorRest/vendor/laravel/framework/src/Illuminate/Console/Application.php(93): Symfony\\Component\\Console\\Application->run()
#4 /home/usuario/Documentos/Estimacion/Back&Front/attoistmo/EstimadorRest/vendor/laravel/framework/src/Illuminate/Foundation/Console/Kernel.php(129): Illuminate\\Console\\Application->run()
#5 /home/usuario/Documentos/Estimacion/Back&Front/attoistmo/EstimadorRest/artisan(37): Illuminate\\Foundation\\Console\\Kernel->handle()
#6 {main}
"} 
[2020-08-19 20:07:39] local.ERROR: Route [login] not defined. {"exception":"[object] (Symfony\\Component\\Routing\\Exception\\RouteNotFoundException(code: 0): Route [login] not defined. at /home/usuario/Documentos/Estimacion/Back&Front/attoistmo/EstimadorRest/vendor/laravel/framework/src/Illuminate/Routing/UrlGenerator.php:420)
[stacktrace]
#0 /home/usuario/Documentos/Estimacion/Back&Front/attoistmo/EstimadorRest/vendor/laravel/framework/src/Illuminate/Foundation/helpers.php(768): Illuminate\\Routing\\UrlGenerator->route()
#1 /home/usuario/Documentos/Estimacion/Back&Front/attoistmo/EstimadorRest/app/Http/Middleware/Authenticate.php(18): route()
#2 /home/usuario/Documentos/Estimacion/Back&Front/attoistmo/EstimadorRest/vendor/laravel/framework/src/Illuminate/Auth/Middleware/Authenticate.php(83): App\\Http\\Middleware\\Authenticate->redirectTo()
#3 /home/usuario/Documentos/Estimacion/Back&Front/attoistmo/EstimadorRest/vendor/laravel/framework/src/Illuminate/Auth/Middleware/Authenticate.php(68): Illuminate\\Auth\\Middleware\\Authenticate->unauthenticated()
#4 /home/usuario/Documentos/Estimacion/Back&Front/attoistmo/EstimadorRest/vendor/laravel/framework/src/Illuminate/Auth/Middleware/Authenticate.php(42): Illuminate\\Auth\\Middleware\\Authenticate->authenticate()
#5 /home/usuario/Documentos/Estimacion/Back&Front/attoistmo/EstimadorRest/vendor/laravel/framework/src/Illuminate/Pipeline/Pipeline.php(167): Illuminate\\Auth\\Middleware\\Authenticate->handle()
#6 /home/usuario/Documentos/Estimacion/Back&Front/attoistmo/EstimadorRest/vendor/laravel/framework/src/Illuminate/Pipeline/Pipeline.php(103): Illuminate\\Pipeline\\Pipeline->Illuminate\\Pipeline\\{closure}()
#7 /home/usuario/Documentos/Estimacion/Back&Front/attoistmo/EstimadorRest/vendor/laravel/framework/src/Illuminate/Routing/Router.php(687): Illuminate\\Pipeline\\Pipeline->then()
#8 /home/usuario/Documentos/Estimacion/Back&Front/attoistmo/EstimadorRest/vendor/laravel/framework/src/Illuminate/Routing/Router.php(662): Illuminate\\Routing\\Router->runRouteWithinStack()
#9 /home/usuario/Documentos/Estimacion/Back&Front/attoistmo/EstimadorRest/vendor/laravel/framework/src/Illuminate/Routing/Router.php(628): Illuminate\\Routing\\Router->runRoute()
#10 /home/usuario/Documentos/Estimacion/Back&Front/attoistmo/EstimadorRest/vendor/laravel/framework/src/Illuminate/Routing/Router.php(617): Illuminate\\Routing\\Router->dispatchToRoute()
#11 /home/usuario/Documentos/Estimacion/Back&Front/attoistmo/EstimadorRest/vendor/laravel/framework/src/Illuminate/Foundation/Http/Kernel.php(165): Illuminate\\Routing\\Router->dispatch()
#12 /home/usuario/Documentos/Estimacion/Back&Front/attoistmo/EstimadorRest/vendor/laravel/framework/src/Illuminate/Pipeline/Pipeline.php(128): Illuminate\\Foundation\\Http\\Kernel->Illuminate\\Foundation\\Http\\{closure}()
#13 /home/usuario/Documentos/Estimacion/Back&Front/attoistmo/EstimadorRest/vendor/laravel/framework/src/Illuminate/Foundation/Http/Middleware/TransformsRequest.php(21): Illuminate\\Pipeline\\Pipeline->Illuminate\\Pipeline\\{closure}()
#14 /home/usuario/Documentos/Estimacion/Back&Front/attoistmo/EstimadorRest/vendor/laravel/framework/src/Illuminate/Pipeline/Pipeline.php(167): Illuminate\\Foundation\\Http\\Middleware\\TransformsRequest->handle()
#15 /home/usuario/Documentos/Estimacion/Back&Front/attoistmo/EstimadorRest/vendor/laravel/framework/src/Illuminate/Foundation/Http/Middleware/TransformsRequest.php(21): Illuminate\\Pipeline\\Pipeline->Illuminate\\Pipeline\\{closure}()
#16 /home/usuario/Documentos/Estimacion/Back&Front/attoistmo/EstimadorRest/vendor/laravel/framework/src/Illuminate/Pipeline/Pipeline.php(167): Illuminate\\Foundation\\Http\\Middleware\\TransformsRequest->handle()
#17 /home/usuario/Documentos/Estimacion/Back&Front/attoistmo/EstimadorRest/vendor/laravel/framework/src/Illuminate/Foundation/Http/Middleware/ValidatePostSize.php(27): Illuminate\\Pipeline\\Pipeline->Illuminate\\Pipeline\\{closure}()
#18 /home/usuario/Documentos/Estimacion/Back&Front/attoistmo/EstimadorRest/vendor/laravel/framework/src/Illuminate/Pipeline/Pipeline.php(167): Illuminate\\Foundation\\Http\\Middleware\\ValidatePostSize->handle()
#19 /home/usuario/Documentos/Estimacion/Back&Front/attoistmo/EstimadorRest/vendor/laravel/framework/src/Illuminate/Foundation/Http/Middleware/CheckForMaintenanceMode.php(63): Illuminate\\Pipeline\\Pipeline->Illuminate\\Pipeline\\{closure}()
#20 /home/usuario/Documentos/Estimacion/Back&Front/attoistmo/EstimadorRest/vendor/laravel/framework/src/Illuminate/Pipeline/Pipeline.php(167): Illuminate\\Foundation\\Http\\Middleware\\CheckForMaintenanceMode->handle()
#21 /home/usuario/Documentos/Estimacion/Back&Front/attoistmo/EstimadorRest/vendor/fruitcake/laravel-cors/src/HandleCors.php(37): Illuminate\\Pipeline\\Pipeline->Illuminate\\Pipeline\\{closure}()
#22 /home/usuario/Documentos/Estimacion/Back&Front/attoistmo/EstimadorRest/vendor/laravel/framework/src/Illuminate/Pipeline/Pipeline.php(167): Fruitcake\\Cors\\HandleCors->handle()
#23 /home/usuario/Documentos/Estimacion/Back&Front/attoistmo/EstimadorRest/vendor/fideloper/proxy/src/TrustProxies.php(57): Illuminate\\Pipeline\\Pipeline->Illuminate\\Pipeline\\{closure}()
#24 /home/usuario/Documentos/Estimacion/Back&Front/attoistmo/EstimadorRest/vendor/laravel/framework/src/Illuminate/Pipeline/Pipeline.php(167): Fideloper\\Proxy\\TrustProxies->handle()
#25 /home/usuario/Documentos/Estimacion/Back&Front/attoistmo/EstimadorRest/vendor/laravel/framework/src/Illuminate/Pipeline/Pipeline.php(103): Illuminate\\Pipeline\\Pipeline->Illuminate\\Pipeline\\{closure}()
#26 /home/usuario/Documentos/Estimacion/Back&Front/attoistmo/EstimadorRest/vendor/laravel/framework/src/Illuminate/Foundation/Http/Kernel.php(140): Illuminate\\Pipeline\\Pipeline->then()
#27 /home/usuario/Documentos/Estimacion/Back&Front/attoistmo/EstimadorRest/vendor/laravel/framework/src/Illuminate/Foundation/Http/Kernel.php(109): Illuminate\\Foundation\\Http\\Kernel->sendRequestThroughRouter()
#28 /home/usuario/Documentos/Estimacion/Back&Front/attoistmo/EstimadorRest/public/index.php(55): Illuminate\\Foundation\\Http\\Kernel->handle()
#29 /home/usuario/Documentos/Estimacion/Back&Front/attoistmo/EstimadorRest/server.php(21): require_once('/home/usuario/D...')
#30 {main}
"} 
[2020-09-11 22:32:30] local.ERROR: Command "routes" is not defined.

Did you mean one of these?
    route:cache
    route:clear
    route:list {"exception":"[object] (Symfony\\Component\\Console\\Exception\\CommandNotFoundException(code: 0): Command \"routes\" is not defined.

Did you mean one of these?
    route:cache
    route:clear
    route:list at /home/usuario/Documentos/Estimacion/Back&Front/attoistmo/EstimadorRest/vendor/symfony/console/Application.php:644)
[stacktrace]
#0 /home/usuario/Documentos/Estimacion/Back&Front/attoistmo/EstimadorRest/vendor/symfony/console/Application.php(228): Symfony\\Component\\Console\\Application->find()
#1 /home/usuario/Documentos/Estimacion/Back&Front/attoistmo/EstimadorRest/vendor/symfony/console/Application.php(140): Symfony\\Component\\Console\\Application->doRun()
#2 /home/usuario/Documentos/Estimacion/Back&Front/attoistmo/EstimadorRest/vendor/laravel/framework/src/Illuminate/Console/Application.php(93): Symfony\\Component\\Console\\Application->run()
#3 /home/usuario/Documentos/Estimacion/Back&Front/attoistmo/EstimadorRest/vendor/laravel/framework/src/Illuminate/Foundation/Console/Kernel.php(129): Illuminate\\Console\\Application->run()
#4 /home/usuario/Documentos/Estimacion/Back&Front/attoistmo/EstimadorRest/artisan(37): Illuminate\\Foundation\\Console\\Kernel->handle()
#5 {main}
"} 
[2020-09-11 22:32:35] local.ERROR: Command "route" is not defined.

Did you mean one of these?
    route:cache
    route:clear
    route:list {"exception":"[object] (Symfony\\Component\\Console\\Exception\\CommandNotFoundException(code: 0): Command \"route\" is not defined.

Did you mean one of these?
    route:cache
    route:clear
    route:list at /home/usuario/Documentos/Estimacion/Back&Front/attoistmo/EstimadorRest/vendor/symfony/console/Application.php:644)
[stacktrace]
#0 /home/usuario/Documentos/Estimacion/Back&Front/attoistmo/EstimadorRest/vendor/symfony/console/Application.php(228): Symfony\\Component\\Console\\Application->find()
#1 /home/usuario/Documentos/Estimacion/Back&Front/attoistmo/EstimadorRest/vendor/symfony/console/Application.php(140): Symfony\\Component\\Console\\Application->doRun()
#2 /home/usuario/Documentos/Estimacion/Back&Front/attoistmo/EstimadorRest/vendor/laravel/framework/src/Illuminate/Console/Application.php(93): Symfony\\Component\\Console\\Application->run()
#3 /home/usuario/Documentos/Estimacion/Back&Front/attoistmo/EstimadorRest/vendor/laravel/framework/src/Illuminate/Foundation/Console/Kernel.php(129): Illuminate\\Console\\Application->run()
#4 /home/usuario/Documentos/Estimacion/Back&Front/attoistmo/EstimadorRest/artisan(37): Illuminate\\Foundation\\Console\\Kernel->handle()
#5 {main}
"} 
